tipsi-stripe/android/build/intermediates/manifest_merge_blame_file/debug/manifest-merger-blame-debug-report.txt
1<?xml version="1.0" encoding="utf-8"?>
2<manifest xmlns:android="http://schemas.android.com/apk/res/android"
3    package="com.gettipsi.stripe"
4    android:versionCode="1"
5    android:versionName="1.0" >
6
7    <uses-sdk
8        android:minSdkVersion="19"
8-->src\main\AndroidManifest.xml
9        android:targetSdkVersion="29" />
9-->src\main\AndroidManifest.xml
10
11    <application>
11-->src\main\AndroidManifest.xml:5:3-24:17
12        <activity
12-->src\main\AndroidManifest.xml:6:5-10:69
13            android:name="com.gettipsi.stripe.OpenBrowserActivity"
13-->src\main\AndroidManifest.xml:7:7-42
14            android:exported="false"
14-->src\main\AndroidManifest.xml:8:7-31
15            android:launchMode="singleTask"
15-->src\main\AndroidManifest.xml:9:7-38
16            android:theme="@android:style/Theme.Translucent.NoTitleBar" />
16-->src\main\AndroidManifest.xml:10:7-66
17        <activity
17-->src\main\AndroidManifest.xml:11:5-23:16
18            android:name="com.gettipsi.stripe.RedirectUriReceiver"
18-->src\main\AndroidManifest.xml:14:7-42
19            android:exported="true"
19-->src\main\AndroidManifest.xml:12:7-30
20            android:launchMode="singleTask"
20-->src\main\AndroidManifest.xml:13:7-38
21            android:theme="@android:style/Theme.Translucent.NoTitleBar.Fullscreen" >
21-->src\main\AndroidManifest.xml:15:7-77
22            <intent-filter>
22-->src\main\AndroidManifest.xml:16:7-22:23
23                <action android:name="android.intent.action.VIEW" />
23-->src\main\AndroidManifest.xml:17:9-61
23-->src\main\AndroidManifest.xml:17:17-58
24
25                <category android:name="android.intent.category.DEFAULT" />
25-->src\main\AndroidManifest.xml:18:9-68
25-->src\main\AndroidManifest.xml:18:19-65
26                <category android:name="android.intent.category.BROWSABLE" />
26-->src\main\AndroidManifest.xml:19:9-70
26-->src\main\AndroidManifest.xml:19:19-67
27
28                <data android:scheme="example" />
28-->src\main\AndroidManifest.xml:21:15-60
29            </intent-filter>
30        </activity>
31    </application>
32
33</manifest>